<?xml version="1.0" encoding="UTF-8"?>
<!-- Generated by org.testng.reporters.JUnitReportReporter -->
<testsuite ignored="0" hostname="MSI" failures="0" tests="1" name="test.LoginTest" time="41.491" errors="0" timestamp="25 Oct 2023 10:36:36 GMT" skipped="0">
  <testcase classname="test.LoginTest" name="verifyLoginFeature" time="41.491"/>
</testsuite> <!-- test.LoginTest -->
