<?xml version="1.0" encoding="UTF-8"?>
<!-- Generated by org.testng.reporters.JUnitReportReporter -->
<testsuite ignored="0" hostname="MSI" failures="0" tests="4" name="ddtExample.DataDrivenTestExample" time="31.594" errors="0" timestamp="23 Oct 2023 11:47:25 GMT" skipped="0">
  <testcase classname="ddtExample.DataDrivenTestExample" name="verifyLoginWithInValidCred" time="7.864"/>
  <testcase classname="ddtExample.DataDrivenTestExample" name="verifyLoginWithInValidCred" time="7.835"/>
  <testcase classname="ddtExample.DataDrivenTestExample" name="verifyLoginWithInValidCred" time="7.865"/>
  <testcase classname="ddtExample.DataDrivenTestExample" name="verifyLoginWithInValidCred" time="8.030"/>
</testsuite> <!-- ddtExample.DataDrivenTestExample -->
