<?xml version="1.0" encoding="UTF-8"?>
<!-- Generated by org.testng.reporters.JUnitReportReporter -->
<testsuite ignored="0" hostname="MSI" failures="0" tests="1" name="test.LoginTest" time="22.814" errors="0" timestamp="25 Oct 2023 09:33:00 GMT" skipped="0">
  <testcase classname="test.LoginTest" name="verifyLoginFeature" time="22.814"/>
</testsuite> <!-- test.LoginTest -->
